<?xml version="1.0" encoding="UTF-8"?>
<testsuite xmlns:xsi="http://www.w3.org/2001/XMLSchema-instance" xsi:noNamespaceSchemaLocation="https://maven.apache.org/surefire/maven-surefire-plugin/xsd/surefire-test-report-3.0.xsd" version="3.0" name="com.example.BusIntegrationTest" time="0.107" tests="4" errors="0" skipped="0" failures="0">
  <properties>
[...]
</properties>
  <testcase name="testUpdateBus" classname="com.example.BusIntegrationTest" time="0.056"/>
  <testcase name="testAddAndRetrieveBus" classname="com.example.BusIntegrationTest" time="0.004"/>
  <testcase name="testAddInvalidBus" classname="com.example.BusIntegrationTest" time="0.003"/>
  <testcase name="testBusCountInFile" classname="com.example.BusIntegrationTest" time="0.007"/>
</testsuite>